<?xml version="1.0" encoding="UTF-8"?>
<!-- Generated by org.testng.reporters.JUnitXMLReporter -->
<testsuite ignored="7" hostname="LAPTOP-CESQ05LJ" failures="0" tests="1" name="Test" time="5.179" errors="0" timestamp="2022-11-29T14:41:54 IST">
  <testcase classname="com.obsqura.TestNGProject.BasicCommandsOB" name="List" time="0.506"/>
  <testcase classname="com.obsqura.TestNGProject.BasicCommandsOB" name="getTotalBoxAttribute" time="0.0">
    <ignored/>
  </testcase> <!-- getTotalBoxAttribute -->
  <testcase classname="com.obsqura.TestNGProject.BasicCommandsOB" name="getAttribute" time="0.0">
    <ignored/>
  </testcase> <!-- getAttribute -->
  <testcase classname="com.obsqura.TestNGProject.BasicCommandsOB" name="getLocation" time="0.0">
    <ignored/>
  </testcase> <!-- getLocation -->
  <testcase classname="com.obsqura.TestNGProject.BasicCommandsOB" name="singleInputFileldVerification" time="0.0">
    <ignored/>
  </testcase> <!-- singleInputFileldVerification -->
  <testcase classname="com.obsqura.TestNGProject.BasicCommandsOB" name="Sample2" time="0.0">
    <ignored/>
  </testcase> <!-- Sample2 -->
  <testcase classname="com.obsqura.TestNGProject.BasicCommandsOB" name="List2" time="0.0">
    <ignored/>
  </testcase> <!-- List2 -->
  <testcase classname="com.obsqura.TestNGProject.BasicCommandsOB" name="clearSample" time="0.0">
    <ignored/>
  </testcase> <!-- clearSample -->
</testsuite> <!-- Test -->
