<?xml version="1.0" encoding="UTF-8"?>
<!-- Generated by org.testng.reporters.JUnitXMLReporter -->
<testsuite ignored="2" hostname="LAPTOP-CESQ05LJ" failures="0" tests="1" name="Test" time="4.853" errors="0" timestamp="2022-11-29T17:22:16 IST">
  <testcase classname="com.obsqura.TestNGProject.RadioButtonDemo" name="maleRadioButton" time="0.623"/>
  <testcase classname="com.obsqura.TestNGProject.RadioButtonDemo" name="radioButtonSample" time="0.0">
    <ignored/>
  </testcase> <!-- radioButtonSample -->
  <testcase classname="com.obsqura.TestNGProject.RadioButtonDemo" name="femaleRadioButton" time="0.0">
    <ignored/>
  </testcase> <!-- femaleRadioButton -->
</testsuite> <!-- Test -->
