<?xml version="1.0" encoding="UTF-8"?>
<!-- Generated by org.testng.reporters.JUnitXMLReporter -->
<testsuite ignored="3" hostname="LAPTOP-CESQ05LJ" failures="0" tests="1" name="Test" time="5.487" errors="0" timestamp="2022-12-07T19:03:20 IST">
  <testcase classname="com.obsqura.testscripts.selectInputDemoTest" name="verifyTwoInputFieldColorAndGetMsg" time="0.787"/>
  <testcase classname="com.obsqura.testscripts.selectInputDemoTest" name="verifySelectInputColorUsingVisibleText" time="0.0">
    <ignored/>
  </testcase> <!-- verifySelectInputColorUsingVisibleText -->
  <testcase classname="com.obsqura.testscripts.selectInputDemoTest" name="verifySelectInputColorUsingValue" time="0.0">
    <ignored/>
  </testcase> <!-- verifySelectInputColorUsingValue -->
  <testcase classname="com.obsqura.testscripts.selectInputDemoTest" name="verifySelectInputColorUsingIndex" time="0.0">
    <ignored/>
  </testcase> <!-- verifySelectInputColorUsingIndex -->
</testsuite> <!-- Test -->
