<?xml version="1.0" encoding="UTF-8"?>
<testng-results ignored="3" total="4" passed="1" failed="0" skipped="0">
  <reporter-output>
  </reporter-output>
  <suite started-at="2022-12-07T19:03:15 IST" name="Suite" finished-at="2022-12-07T19:03:20 IST" duration-ms="5487">
    <groups>
    </groups>
    <test started-at="2022-12-07T19:03:15 IST" name="Test" finished-at="2022-12-07T19:03:20 IST" duration-ms="5487">
      <class name="com.obsqura.testscripts.selectInputDemoTest">
        <test-method is-config="true" signature="InitializeBrowser()[pri:0, instance:com.obsqura.testscripts.selectInputDemoTest@16610890]" started-at="2022-12-07T19:03:15 IST" name="InitializeBrowser" finished-at="2022-12-07T19:03:19 IST" duration-ms="4498" status="PASS">
          <reporter-output>
          </reporter-output>
        </test-method> <!-- InitializeBrowser -->
        <test-method signature="verifyTwoInputFieldColorAndGetMsg()[pri:0, instance:com.obsqura.testscripts.selectInputDemoTest@16610890]" started-at="2022-12-07T19:03:19 IST" name="verifyTwoInputFieldColorAndGetMsg" finished-at="2022-12-07T19:03:20 IST" duration-ms="787" status="PASS">
          <reporter-output>
          </reporter-output>
        </test-method> <!-- verifyTwoInputFieldColorAndGetMsg -->
        <test-method is-config="true" signature="BrowserClose()[pri:0, instance:com.obsqura.testscripts.selectInputDemoTest@16610890]" started-at="2022-12-07T19:03:20 IST" name="BrowserClose" finished-at="2022-12-07T19:03:20 IST" duration-ms="162" status="PASS">
          <reporter-output>
          </reporter-output>
        </test-method> <!-- BrowserClose -->
      </class> <!-- com.obsqura.testscripts.selectInputDemoTest -->
    </test> <!-- Test -->
  </suite> <!-- Suite -->
</testng-results>
