<?xml version="1.0" encoding="UTF-8"?>
<testng-results ignored="3" total="4" passed="1" failed="0" skipped="0">
  <reporter-output>
  </reporter-output>
  <suite started-at="2023-01-16T22:55:45 IST" name="Suite" finished-at="2023-01-16T22:56:00 IST" duration-ms="15049">
    <groups>
    </groups>
    <test started-at="2023-01-16T22:55:45 IST" name="Test" finished-at="2023-01-16T22:56:00 IST" duration-ms="15049">
      <class name="com.obsqura.testscripts.ClientTest">
        <test-method is-config="true" signature="InitializeBrowser(java.lang.String)[pri:0, instance:com.obsqura.testscripts.ClientTest@68df9280]" started-at="2023-01-16T22:55:45 IST" name="InitializeBrowser" finished-at="2023-01-16T22:55:53 IST" duration-ms="7885" status="PASS">
          <params>
            <param index="0">
              <value>
                <![CDATA[Chrome]]>
              </value>
            </param>
          </params>
          <reporter-output>
          </reporter-output>
        </test-method> <!-- InitializeBrowser -->
        <test-method signature="verifyClientDetailsExportToPdfFile()[pri:0, instance:com.obsqura.testscripts.ClientTest@68df9280]" started-at="2023-01-16T22:55:53 IST" name="verifyClientDetailsExportToPdfFile" finished-at="2023-01-16T22:56:00 IST" duration-ms="6993" status="PASS">
          <reporter-output>
          </reporter-output>
        </test-method> <!-- verifyClientDetailsExportToPdfFile -->
        <test-method is-config="true" signature="browserQuit(org.testng.ITestResult)[pri:0, instance:com.obsqura.testscripts.ClientTest@68df9280]" started-at="2023-01-16T22:56:00 IST" name="browserQuit" finished-at="2023-01-16T22:56:00 IST" duration-ms="125" status="PASS">
          <params>
            <param index="0">
              <value>
                <![CDATA[[TestResult name=verifyClientDetailsExportToPdfFile status=SUCCESS method=ClientTest.verifyClientDetailsExportToPdfFile()[pri:0, instance:com.obsqura.testscripts.ClientTest@68df9280] output={null}]]]>
              </value>
            </param>
          </params>
          <reporter-output>
          </reporter-output>
        </test-method> <!-- browserQuit -->
      </class> <!-- com.obsqura.testscripts.ClientTest -->
    </test> <!-- Test -->
  </suite> <!-- Suite -->
</testng-results>
