<?xml version="1.0" encoding="UTF-8"?>
<testng-results ignored="2" total="3" passed="1" failed="0" skipped="0">
  <reporter-output>
  </reporter-output>
  <suite started-at="2022-12-01T18:30:41 IST" name="Suite" finished-at="2022-12-01T18:31:02 IST" duration-ms="20911">
    <groups>
    </groups>
    <test started-at="2022-12-01T18:30:41 IST" name="Test" finished-at="2022-12-01T18:31:02 IST" duration-ms="20911">
      <class name="com.obsqura.TestNGProject.CheckBoxDemo">
        <test-method is-config="true" signature="InitializeBrowser()[pri:0, instance:com.obsqura.TestNGProject.CheckBoxDemo@3bf9ce3e]" started-at="2022-12-01T18:30:41 IST" name="InitializeBrowser" finished-at="2022-12-01T18:30:45 IST" duration-ms="3899" status="PASS">
          <reporter-output>
          </reporter-output>
        </test-method> <!-- InitializeBrowser -->
        <test-method signature="multipleCheckBoxSelect2()[pri:0, instance:com.obsqura.TestNGProject.CheckBoxDemo@3bf9ce3e]" started-at="2022-12-01T18:30:45 IST" name="multipleCheckBoxSelect2" finished-at="2022-12-01T18:30:46 IST" duration-ms="682" status="PASS">
          <reporter-output>
          </reporter-output>
        </test-method> <!-- multipleCheckBoxSelect2 -->
        <test-method is-config="true" signature="BrowserClose()[pri:0, instance:com.obsqura.TestNGProject.CheckBoxDemo@3bf9ce3e]" started-at="2022-12-01T18:30:46 IST" name="BrowserClose" finished-at="2022-12-01T18:31:02 IST" duration-ms="16298" status="PASS">
          <reporter-output>
          </reporter-output>
        </test-method> <!-- BrowserClose -->
      </class> <!-- com.obsqura.TestNGProject.CheckBoxDemo -->
    </test> <!-- Test -->
  </suite> <!-- Suite -->
</testng-results>
