<?xml version="1.0" encoding="UTF-8"?>
<testng-results ignored="7" total="8" passed="1" failed="0" skipped="0">
  <reporter-output>
  </reporter-output>
  <suite started-at="2022-12-05T19:21:42 IST" name="Suite" finished-at="2022-12-05T19:21:46 IST" duration-ms="4910">
    <groups>
    </groups>
    <test started-at="2022-12-05T19:21:42 IST" name="Test" finished-at="2022-12-05T19:21:46 IST" duration-ms="4910">
      <class name="com.obsqura.TestNGProject.selectClass">
        <test-method is-config="true" signature="InitializeBrowser()[pri:0, instance:com.obsqura.TestNGProject.selectClass@7133da86]" started-at="2022-12-05T19:21:42 IST" name="InitializeBrowser" finished-at="2022-12-05T19:21:45 IST" duration-ms="3857" status="PASS">
          <reporter-output>
          </reporter-output>
        </test-method> <!-- InitializeBrowser -->
        <test-method signature="isMultiple()[pri:0, instance:com.obsqura.TestNGProject.selectClass@7133da86]" started-at="2022-12-05T19:21:45 IST" name="isMultiple" finished-at="2022-12-05T19:21:46 IST" duration-ms="742" status="PASS">
          <reporter-output>
          </reporter-output>
        </test-method> <!-- isMultiple -->
        <test-method is-config="true" signature="BrowserClose()[pri:0, instance:com.obsqura.TestNGProject.selectClass@7133da86]" started-at="2022-12-05T19:21:46 IST" name="BrowserClose" finished-at="2022-12-05T19:21:46 IST" duration-ms="258" status="PASS">
          <reporter-output>
          </reporter-output>
        </test-method> <!-- BrowserClose -->
      </class> <!-- com.obsqura.TestNGProject.selectClass -->
    </test> <!-- Test -->
  </suite> <!-- Suite -->
</testng-results>
