<?xml version="1.0" encoding="UTF-8"?>
<!-- Generated by org.testng.reporters.JUnitXMLReporter -->
<testsuite ignored="0" hostname="LAPTOP-CESQ05LJ" failures="0" tests="14" name="Test" time="81.059" errors="0" timestamp="2023-02-01T17:17:43 IST">
  <testcase classname="com.obsqura.testscripts.LoginAccountTest" name="verifyUserIsAbleToLogin" time="3.403"/>
  <testcase classname="com.obsqura.testscripts.HomeTest" name="verifyQuickEmailFieldWithoutEmail" time="5.038"/>
  <testcase classname="com.obsqura.testscripts.LoginAccountTest" name="verifyLoginWithWrongPassword" time="1.514"/>
  <testcase classname="com.obsqura.testscripts.HomeTest" name="verifyQuickEmailFieldWithoutMsg" time="3.985"/>
  <testcase classname="com.obsqura.testscripts.LoginAccountTest" name="verifyLoginWithWrongUsername" time="1.408"/>
  <testcase classname="com.obsqura.testscripts.HomeTest" name="verifyQuickEmailFieldWithoutSubject" time="3.912"/>
  <testcase classname="com.obsqura.testscripts.LoginAccountTest" name="verifyForgotPassword" time="2.156"/>
  <testcase classname="com.obsqura.testscripts.HomeTest" name="verifyQuickSMSFieldWithoutMsg" time="2.9"/>
  <testcase classname="com.obsqura.testscripts.LoginAccountTest" name="verifyBackToLogin" time="1.669"/>
  <testcase classname="com.obsqura.testscripts.LoginAccountTest" name="verifyUserIsAbleToLogOut" time="4.432"/>
  <testcase classname="com.obsqura.testscripts.HomeTest" name="verifyThatUserIsAbleToNavigateToQualityAlertPage" time="5.57"/>
  <testcase classname="com.obsqura.testscripts.HomeTest" name="verifyUserIsAbleTNavigateToClientPage" time="5.419"/>
  <testcase classname="com.obsqura.testscripts.HomeTest" name="verifyUserIsAbleTNavigateToInventoryPage" time="3.567"/>
  <testcase classname="com.obsqura.testscripts.HomeTest" name="verifyUserIsAbleTNavigateToReparationPage" time="4.911"/>
</testsuite> <!-- Test -->
