<?xml version="1.0" encoding="UTF-8"?>
<!-- Generated by org.testng.reporters.JUnitXMLReporter -->
<testsuite ignored="3" hostname="LAPTOP-CESQ05LJ" failures="0" tests="1" name="Test" time="12.001" errors="0" timestamp="2023-01-23T21:11:28 IST">
  <testcase classname="com.obsqura.testscripts.LoginAccountTest" name="verifyUserIsAbleToLogin" time="4.267"/>
  <testcase classname="com.obsqura.testscripts.LoginAccountTest" name="verifyForgotPassword" time="0.0">
    <ignored/>
  </testcase> <!-- verifyForgotPassword -->
  <testcase classname="com.obsqura.testscripts.LoginAccountTest" name="verifyUserIsAbleToLogOut" time="0.0">
    <ignored/>
  </testcase> <!-- verifyUserIsAbleToLogOut -->
  <testcase classname="com.obsqura.testscripts.LoginAccountTest" name="verifyLoginWithWrongPassword" time="0.0">
    <ignored/>
  </testcase> <!-- verifyLoginWithWrongPassword -->
</testsuite> <!-- Test -->
