<?xml version="1.0" encoding="UTF-8"?>
<!-- Generated by org.testng.reporters.JUnitXMLReporter -->
<testsuite ignored="4" hostname="LAPTOP-CESQ05LJ" failures="1" tests="1" name="Test" time="16.842" errors="0" timestamp="2023-01-26T19:06:27 IST">
  <testcase classname="com.obsqura.testscripts.ReparationTest" name="verifyCorrectNumberOfRowsAreShownOnSelectingShowButton" time="9.246">
    <failure type="org.openqa.selenium.ElementNotInteractableException" message="element not interactable: Element is not currently visible and may not be manipulated
  (Session info: chrome=109.0.5414.120)
Build info: version: &amp;apos;4.4.0&amp;apos;, revision: &amp;apos;e5c75ed026a&amp;apos;
System info: host: &amp;apos;LAPTOP-CESQ05LJ&amp;apos;, ip: &amp;apos;192.168.1.71&amp;apos;, os.name: &amp;apos;Windows 11&amp;apos;, os.arch: &amp;apos;amd64&amp;apos;, os.version: &amp;apos;10.0&amp;apos;, java.version: &amp;apos;17.0.4&amp;apos;
Driver info: org.openqa.selenium.chrome.ChromeDriver
Command: [9c0bd83532826648842b295435ad6701, clickElement {id=4b95be4a-421f-4fc5-8e2b-75adfc2d5449}]
Capabilities {acceptInsecureCerts: false, browserName: chrome, browserVersion: 109.0.5414.120, chrome: {chromedriverVersion: 109.0.5414.74 (e7c5703604da..., userDataDir: C:\Users\HP\AppData\Local\T...}, goog:chromeOptions: {debuggerAddress: localhost:57154}, networkConnectionEnabled: false, pageLoadStrategy: normal, platformName: WINDOWS, proxy: Proxy(), se:cdp: ws://localhost:57154/devtoo..., se:cdpVersion: 109.0.5414.120, setWindowRect: true, strictFileInteractability: false, timeouts: {implicit: 0, pageLoad: 300000, script: 30000}, unhandledPromptBehavior: dismiss and notify, webauthn:extension:credBlob: true, webauthn:extension:largeBlob: true, webauthn:virtualAuthenticators: true}
Element: [[[[ChromeDriver: chrome on WINDOWS (9c0bd83532826648842b295435ad6701)] -&amp;gt; xpath: //select[@class=&amp;apos;form-control input-sm select input-xs&amp;apos; and @name =&amp;apos;dynamic-table_length&amp;apos;]]] -&amp;gt; xpath: .//option[@value = &amp;quot;10&amp;quot;]]
Session ID: 9c0bd83532826648842b295435ad6701">
      <![CDATA[org.openqa.selenium.ElementNotInteractableException: element not interactable: Element is not currently visible and may not be manipulated
  (Session info: chrome=109.0.5414.120)
Build info: version: '4.4.0', revision: 'e5c75ed026a'
System info: host: 'LAPTOP-CESQ05LJ', ip: '192.168.1.71', os.name: 'Windows 11', os.arch: 'amd64', os.version: '10.0', java.version: '17.0.4'
Driver info: org.openqa.selenium.chrome.ChromeDriver
Command: [9c0bd83532826648842b295435ad6701, clickElement {id=4b95be4a-421f-4fc5-8e2b-75adfc2d5449}]
Capabilities {acceptInsecureCerts: false, browserName: chrome, browserVersion: 109.0.5414.120, chrome: {chromedriverVersion: 109.0.5414.74 (e7c5703604da..., userDataDir: C:\Users\HP\AppData\Local\T...}, goog:chromeOptions: {debuggerAddress: localhost:57154}, networkConnectionEnabled: false, pageLoadStrategy: normal, platformName: WINDOWS, proxy: Proxy(), se:cdp: ws://localhost:57154/devtoo..., se:cdpVersion: 109.0.5414.120, setWindowRect: true, strictFileInteractability: false, timeouts: {implicit: 0, pageLoad: 300000, script: 30000}, unhandledPromptBehavior: dismiss and notify, webauthn:extension:credBlob: true, webauthn:extension:largeBlob: true, webauthn:virtualAuthenticators: true}
Element: [[[[ChromeDriver: chrome on WINDOWS (9c0bd83532826648842b295435ad6701)] -> xpath: //select[@class='form-control input-sm select input-xs' and @name ='dynamic-table_length']]] -> xpath: .//option[@value = "10"]]
Session ID: 9c0bd83532826648842b295435ad6701
at org.openqa.selenium.remote.codec.w3c.W3CHttpResponseCodec.createException(W3CHttpResponseCodec.java:200)
at org.openqa.selenium.remote.codec.w3c.W3CHttpResponseCodec.decode(W3CHttpResponseCodec.java:133)
at org.openqa.selenium.remote.codec.w3c.W3CHttpResponseCodec.decode(W3CHttpResponseCodec.java:53)
at org.openqa.selenium.remote.HttpCommandExecutor.execute(HttpCommandExecutor.java:184)
at org.openqa.selenium.remote.service.DriverCommandExecutor.invokeExecute(DriverCommandExecutor.java:167)
at org.openqa.selenium.remote.service.DriverCommandExecutor.execute(DriverCommandExecutor.java:142)
at org.openqa.selenium.remote.RemoteWebDriver.execute(RemoteWebDriver.java:547)
at org.openqa.selenium.remote.RemoteWebElement.execute(RemoteWebElement.java:257)
at org.openqa.selenium.remote.RemoteWebElement.click(RemoteWebElement.java:78)
at org.openqa.selenium.support.ui.Select.setSelected(Select.java:315)
at org.openqa.selenium.support.ui.Select.selectByValue(Select.java:191)
at com.obsqura.pages.ReparationPage.rowNumberInShowButtonVerification(ReparationPage.java:66)
at com.obsqura.testscripts.ReparationTest.verifyCorrectNumberOfRowsAreShownOnSelectingShowButton(ReparationTest.java:19)
at java.base/java.util.ArrayList.forEach(ArrayList.java:1511)
... Removed 32 stack frames]]>
    </failure>
  </testcase> <!-- verifyCorrectNumberOfRowsAreShownOnSelectingShowButton -->
  <testcase classname="com.obsqura.testscripts.ReparationTest" name="verifyThatauserIsAbleTodownloadReparationExcelSheet" time="0.0">
    <ignored/>
  </testcase> <!-- verifyThatauserIsAbleTodownloadReparationExcelSheet -->
  <testcase classname="com.obsqura.testscripts.ReparationTest" name="verifyTotalCompletedRepairRows" time="0.0">
    <ignored/>
  </testcase> <!-- verifyTotalCompletedRepairRows -->
  <testcase classname="com.obsqura.testscripts.ReparationTest" name="verifyRowCountWithSameName" time="0.0">
    <ignored/>
  </testcase> <!-- verifyRowCountWithSameName -->
  <testcase classname="com.obsqura.testscripts.ReparationTest" name="verifycolumnVisibility" time="0.0">
    <ignored/>
  </testcase> <!-- verifycolumnVisibility -->
</testsuite> <!-- Test -->
