<?xml version="1.0" encoding="UTF-8"?>
<!-- Generated by org.testng.reporters.JUnitXMLReporter -->
<testsuite ignored="6" hostname="LAPTOP-CESQ05LJ" failures="0" tests="1" name="Test2" time="22.053" errors="0" timestamp="2023-01-30T23:43:18 IST">
  <testcase classname="com.obsqura.testscripts.ReparationTest" name="rowNumberInShowButtonVerificationForPendingRepairs" time="12.674"/>
  <testcase classname="com.obsqura.testscripts.ReparationTest" name="verifyCorrectNumberOfRowsAreShownOnSelectingShowButton" time="0.0">
    <ignored/>
  </testcase> <!-- verifyCorrectNumberOfRowsAreShownOnSelectingShowButton -->
  <testcase classname="com.obsqura.testscripts.ReparationTest" name="verifyThatauserIsAbleTodownloadReparationExcelSheet" time="0.0">
    <ignored/>
  </testcase> <!-- verifyThatauserIsAbleTodownloadReparationExcelSheet -->
  <testcase classname="com.obsqura.testscripts.ReparationTest" name="verifyTotalCompletedRepairRows" time="0.0">
    <ignored/>
  </testcase> <!-- verifyTotalCompletedRepairRows -->
  <testcase classname="com.obsqura.testscripts.ReparationTest" name="verifyRowCountWithSameName" time="0.0">
    <ignored/>
  </testcase> <!-- verifyRowCountWithSameName -->
  <testcase classname="com.obsqura.testscripts.ReparationTest" name="verifycolumnVisibility" time="0.0">
    <ignored/>
  </testcase> <!-- verifycolumnVisibility -->
  <testcase classname="com.obsqura.testscripts.ReparationTest" name="verifycolumnNumber" time="0.0">
    <ignored/>
  </testcase> <!-- verifycolumnNumber -->
</testsuite> <!-- Test2 -->
