<?xml version="1.0" encoding="UTF-8"?>
<testsuite xmlns:xsi="http://www.w3.org/2001/XMLSchema-instance" xsi:noNamespaceSchemaLocation="https://maven.apache.org/surefire/maven-surefire-plugin/xsd/surefire-test-report.xsd" name="TestSuite" time="1.779" tests="90" errors="0" skipped="30" failures="60">
  <properties>
[...]
</properties>
  <testcase name="InitializeBrowser" classname="com.obsqura.testscripts.ClientTest" time="1.055">
    <failure message="&#10;Parameter &apos;browser&apos; is required by BeforeMethod on method InitializeBrowser but has not been marked @Optional or defined&#10;" type="org.testng.TestNGException">org.testng.TestNGException: 

Parameter 'browser' is required by BeforeMethod on method InitializeBrowser but has not been marked @Optional or defined

</failure>
    <system-err><![CDATA[SLF4J: Failed to load class "org.slf4j.impl.StaticLoggerBinder".
SLF4J: Defaulting to no-operation (NOP) logger implementation
SLF4J: See http://www.slf4j.org/codes.html#StaticLoggerBinder for further details.
]]></system-err>
  </testcase>
  <testcase name="InitializeBrowser" classname="com.obsqura.testscripts.ClientTest" time="0.021">
    <failure message="&#10;Parameter &apos;browser&apos; is required by BeforeMethod on method InitializeBrowser but has not been marked @Optional or defined&#10;" type="org.testng.TestNGException">org.testng.TestNGException: 

Parameter 'browser' is required by BeforeMethod on method InitializeBrowser but has not been marked @Optional or defined

</failure>
  </testcase>
  <testcase name="InitializeBrowser" classname="com.obsqura.testscripts.ClientTest" time="0.004">
    <failure message="&#10;Parameter &apos;browser&apos; is required by BeforeMethod on method InitializeBrowser but has not been marked @Optional or defined&#10;" type="org.testng.TestNGException">org.testng.TestNGException: 

Parameter 'browser' is required by BeforeMethod on method InitializeBrowser but has not been marked @Optional or defined

</failure>
  </testcase>
  <testcase name="InitializeBrowser" classname="com.obsqura.testscripts.ClientTest" time="0.004">
    <failure message="&#10;Parameter &apos;browser&apos; is required by BeforeMethod on method InitializeBrowser but has not been marked @Optional or defined&#10;" type="org.testng.TestNGException">org.testng.TestNGException: 

Parameter 'browser' is required by BeforeMethod on method InitializeBrowser but has not been marked @Optional or defined

</failure>
  </testcase>
  <testcase name="verifyThatUserIsAbleToAddClient" classname="com.obsqura.testscripts.ClientTest" time="0">
    <skipped message="&#10;Parameter &apos;browser&apos; is required by BeforeMethod on method InitializeBrowser but has not been marked @Optional or defined&#10;"/>
  </testcase>
  <testcase name="browserQuit" classname="com.obsqura.testscripts.ClientTest" time="0.017">
    <failure type="java.lang.NullPointerException">java.lang.NullPointerException
</failure>
  </testcase>
  <testcase name="browserQuit" classname="com.obsqura.testscripts.ClientTest" time="0.002">
    <failure type="java.lang.NullPointerException">java.lang.NullPointerException
</failure>
  </testcase>
  <testcase name="browserQuit" classname="com.obsqura.testscripts.ClientTest" time="0.002">
    <failure type="java.lang.NullPointerException">java.lang.NullPointerException
</failure>
  </testcase>
  <testcase name="browserQuit" classname="com.obsqura.testscripts.ClientTest" time="0.001">
    <failure type="java.lang.NullPointerException">java.lang.NullPointerException
</failure>
  </testcase>
  <testcase name="verifyUserIsableToAddClientDetailsWithoutClientName" classname="com.obsqura.testscripts.ClientTest" time="0">
    <skipped/>
  </testcase>
  <testcase name="verifyingShowButtonGivesCorrectNumberOfRows" classname="com.obsqura.testscripts.ClientTest" time="0">
    <skipped message="&#10;Parameter &apos;browser&apos; is required by BeforeMethod on method InitializeBrowser but has not been marked @Optional or defined&#10;"/>
  </testcase>
  <testcase name="vrifyUserIsAbleToNavigateToNextPageOnClickingNextOptionVerification" classname="com.obsqura.testscripts.ClientTest" time="0">
    <skipped message="&#10;Parameter &apos;browser&apos; is required by BeforeMethod on method InitializeBrowser but has not been marked @Optional or defined&#10;"/>
  </testcase>
  <testcase name="InitializeBrowser" classname="com.obsqura.testscripts.HomeTest" time="0.003">
    <failure message="&#10;Parameter &apos;browser&apos; is required by BeforeMethod on method InitializeBrowser but has not been marked @Optional or defined&#10;" type="org.testng.TestNGException">org.testng.TestNGException: 

Parameter 'browser' is required by BeforeMethod on method InitializeBrowser but has not been marked @Optional or defined

</failure>
  </testcase>
  <testcase name="InitializeBrowser" classname="com.obsqura.testscripts.HomeTest" time="0.002">
    <failure message="&#10;Parameter &apos;browser&apos; is required by BeforeMethod on method InitializeBrowser but has not been marked @Optional or defined&#10;" type="org.testng.TestNGException">org.testng.TestNGException: 

Parameter 'browser' is required by BeforeMethod on method InitializeBrowser but has not been marked @Optional or defined

</failure>
  </testcase>
  <testcase name="InitializeBrowser" classname="com.obsqura.testscripts.HomeTest" time="0.002">
    <failure message="&#10;Parameter &apos;browser&apos; is required by BeforeMethod on method InitializeBrowser but has not been marked @Optional or defined&#10;" type="org.testng.TestNGException">org.testng.TestNGException: 

Parameter 'browser' is required by BeforeMethod on method InitializeBrowser but has not been marked @Optional or defined

</failure>
  </testcase>
  <testcase name="InitializeBrowser" classname="com.obsqura.testscripts.HomeTest" time="0.003">
    <failure message="&#10;Parameter &apos;browser&apos; is required by BeforeMethod on method InitializeBrowser but has not been marked @Optional or defined&#10;" type="org.testng.TestNGException">org.testng.TestNGException: 

Parameter 'browser' is required by BeforeMethod on method InitializeBrowser but has not been marked @Optional or defined

</failure>
  </testcase>
  <testcase name="InitializeBrowser" classname="com.obsqura.testscripts.HomeTest" time="0.004">
    <failure message="&#10;Parameter &apos;browser&apos; is required by BeforeMethod on method InitializeBrowser but has not been marked @Optional or defined&#10;" type="org.testng.TestNGException">org.testng.TestNGException: 

Parameter 'browser' is required by BeforeMethod on method InitializeBrowser but has not been marked @Optional or defined

</failure>
  </testcase>
  <testcase name="InitializeBrowser" classname="com.obsqura.testscripts.HomeTest" time="0.008">
    <failure message="&#10;Parameter &apos;browser&apos; is required by BeforeMethod on method InitializeBrowser but has not been marked @Optional or defined&#10;" type="org.testng.TestNGException">org.testng.TestNGException: 

Parameter 'browser' is required by BeforeMethod on method InitializeBrowser but has not been marked @Optional or defined

</failure>
  </testcase>
  <testcase name="InitializeBrowser" classname="com.obsqura.testscripts.HomeTest" time="0.003">
    <failure message="&#10;Parameter &apos;browser&apos; is required by BeforeMethod on method InitializeBrowser but has not been marked @Optional or defined&#10;" type="org.testng.TestNGException">org.testng.TestNGException: 

Parameter 'browser' is required by BeforeMethod on method InitializeBrowser but has not been marked @Optional or defined

</failure>
  </testcase>
  <testcase name="InitializeBrowser" classname="com.obsqura.testscripts.HomeTest" time="0.006">
    <failure message="&#10;Parameter &apos;browser&apos; is required by BeforeMethod on method InitializeBrowser but has not been marked @Optional or defined&#10;" type="org.testng.TestNGException">org.testng.TestNGException: 

Parameter 'browser' is required by BeforeMethod on method InitializeBrowser but has not been marked @Optional or defined

</failure>
  </testcase>
  <testcase name="verifyQuickEmailFieldWithoutEmail" classname="com.obsqura.testscripts.HomeTest" time="0">
    <skipped message="&#10;Parameter &apos;browser&apos; is required by BeforeMethod on method InitializeBrowser but has not been marked @Optional or defined&#10;"/>
  </testcase>
  <testcase name="browserQuit" classname="com.obsqura.testscripts.HomeTest" time="0.001">
    <failure type="java.lang.NullPointerException">java.lang.NullPointerException
</failure>
  </testcase>
  <testcase name="browserQuit" classname="com.obsqura.testscripts.HomeTest" time="0.001">
    <failure type="java.lang.NullPointerException">java.lang.NullPointerException
</failure>
  </testcase>
  <testcase name="browserQuit" classname="com.obsqura.testscripts.HomeTest" time="0.001">
    <failure type="java.lang.NullPointerException">java.lang.NullPointerException
</failure>
  </testcase>
  <testcase name="browserQuit" classname="com.obsqura.testscripts.HomeTest" time="0.001">
    <failure type="java.lang.NullPointerException">java.lang.NullPointerException
</failure>
  </testcase>
  <testcase name="browserQuit" classname="com.obsqura.testscripts.HomeTest" time="0.002">
    <failure type="java.lang.NullPointerException">java.lang.NullPointerException
</failure>
  </testcase>
  <testcase name="browserQuit" classname="com.obsqura.testscripts.HomeTest" time="0.001">
    <failure type="java.lang.NullPointerException">java.lang.NullPointerException
</failure>
  </testcase>
  <testcase name="browserQuit" classname="com.obsqura.testscripts.HomeTest" time="0.001">
    <failure type="java.lang.NullPointerException">java.lang.NullPointerException
</failure>
  </testcase>
  <testcase name="browserQuit" classname="com.obsqura.testscripts.HomeTest" time="0.002">
    <failure type="java.lang.NullPointerException">java.lang.NullPointerException
</failure>
  </testcase>
  <testcase name="verifyQuickEmailFieldWithoutMsg" classname="com.obsqura.testscripts.HomeTest" time="0">
    <skipped message="&#10;Parameter &apos;browser&apos; is required by BeforeMethod on method InitializeBrowser but has not been marked @Optional or defined&#10;"/>
  </testcase>
  <testcase name="verifyQuickEmailFieldWithoutSubject" classname="com.obsqura.testscripts.HomeTest" time="0">
    <skipped message="&#10;Parameter &apos;browser&apos; is required by BeforeMethod on method InitializeBrowser but has not been marked @Optional or defined&#10;"/>
  </testcase>
  <testcase name="verifyQuickSMSFieldWithoutMsg" classname="com.obsqura.testscripts.HomeTest" time="0">
    <skipped message="&#10;Parameter &apos;browser&apos; is required by BeforeMethod on method InitializeBrowser but has not been marked @Optional or defined&#10;"/>
  </testcase>
  <testcase name="verifyThatUserIsAbleToNavigateToQualityAlertPage" classname="com.obsqura.testscripts.HomeTest" time="0">
    <skipped message="&#10;Parameter &apos;browser&apos; is required by BeforeMethod on method InitializeBrowser but has not been marked @Optional or defined&#10;"/>
  </testcase>
  <testcase name="verifyUserIsAbleTNavigateToClientPage" classname="com.obsqura.testscripts.HomeTest" time="0">
    <skipped message="&#10;Parameter &apos;browser&apos; is required by BeforeMethod on method InitializeBrowser but has not been marked @Optional or defined&#10;"/>
  </testcase>
  <testcase name="verifyUserIsAbleTNavigateToInventoryPage" classname="com.obsqura.testscripts.HomeTest" time="0">
    <skipped message="&#10;Parameter &apos;browser&apos; is required by BeforeMethod on method InitializeBrowser but has not been marked @Optional or defined&#10;"/>
  </testcase>
  <testcase name="verifyUserIsAbleTNavigateToReparationPage" classname="com.obsqura.testscripts.HomeTest" time="0">
    <skipped message="&#10;Parameter &apos;browser&apos; is required by BeforeMethod on method InitializeBrowser but has not been marked @Optional or defined&#10;"/>
  </testcase>
  <testcase name="InitializeBrowser" classname="com.obsqura.testscripts.InventoryTest" time="0.004">
    <failure message="&#10;Parameter &apos;browser&apos; is required by BeforeMethod on method InitializeBrowser but has not been marked @Optional or defined&#10;" type="org.testng.TestNGException">org.testng.TestNGException: 

Parameter 'browser' is required by BeforeMethod on method InitializeBrowser but has not been marked @Optional or defined

</failure>
  </testcase>
  <testcase name="InitializeBrowser" classname="com.obsqura.testscripts.InventoryTest" time="0.004">
    <failure message="&#10;Parameter &apos;browser&apos; is required by BeforeMethod on method InitializeBrowser but has not been marked @Optional or defined&#10;" type="org.testng.TestNGException">org.testng.TestNGException: 

Parameter 'browser' is required by BeforeMethod on method InitializeBrowser but has not been marked @Optional or defined

</failure>
  </testcase>
  <testcase name="InitializeBrowser" classname="com.obsqura.testscripts.InventoryTest" time="0.003">
    <failure message="&#10;Parameter &apos;browser&apos; is required by BeforeMethod on method InitializeBrowser but has not been marked @Optional or defined&#10;" type="org.testng.TestNGException">org.testng.TestNGException: 

Parameter 'browser' is required by BeforeMethod on method InitializeBrowser but has not been marked @Optional or defined

</failure>
  </testcase>
  <testcase name="InitializeBrowser" classname="com.obsqura.testscripts.InventoryTest" time="0.002">
    <failure message="&#10;Parameter &apos;browser&apos; is required by BeforeMethod on method InitializeBrowser but has not been marked @Optional or defined&#10;" type="org.testng.TestNGException">org.testng.TestNGException: 

Parameter 'browser' is required by BeforeMethod on method InitializeBrowser but has not been marked @Optional or defined

</failure>
  </testcase>
  <testcase name="InitializeBrowser" classname="com.obsqura.testscripts.InventoryTest" time="0.006">
    <failure message="&#10;Parameter &apos;browser&apos; is required by BeforeMethod on method InitializeBrowser but has not been marked @Optional or defined&#10;" type="org.testng.TestNGException">org.testng.TestNGException: 

Parameter 'browser' is required by BeforeMethod on method InitializeBrowser but has not been marked @Optional or defined

</failure>
  </testcase>
  <testcase name="verifyAddInventoryProduct" classname="com.obsqura.testscripts.InventoryTest" time="0">
    <skipped message="&#10;Parameter &apos;browser&apos; is required by BeforeMethod on method InitializeBrowser but has not been marked @Optional or defined&#10;"/>
  </testcase>
  <testcase name="browserQuit" classname="com.obsqura.testscripts.InventoryTest" time="0.002">
    <failure type="java.lang.NullPointerException">java.lang.NullPointerException
</failure>
  </testcase>
  <testcase name="browserQuit" classname="com.obsqura.testscripts.InventoryTest" time="0.002">
    <failure type="java.lang.NullPointerException">java.lang.NullPointerException
</failure>
  </testcase>
  <testcase name="browserQuit" classname="com.obsqura.testscripts.InventoryTest" time="0.001">
    <failure type="java.lang.NullPointerException">java.lang.NullPointerException
</failure>
  </testcase>
  <testcase name="browserQuit" classname="com.obsqura.testscripts.InventoryTest" time="0.004">
    <failure type="java.lang.NullPointerException">java.lang.NullPointerException
</failure>
  </testcase>
  <testcase name="browserQuit" classname="com.obsqura.testscripts.InventoryTest" time="0.001">
    <failure type="java.lang.NullPointerException">java.lang.NullPointerException
</failure>
  </testcase>
  <testcase name="verifyExportFileWithoutSelectingProduct" classname="com.obsqura.testscripts.InventoryTest" time="0">
    <skipped message="&#10;Parameter &apos;browser&apos; is required by BeforeMethod on method InitializeBrowser but has not been marked @Optional or defined&#10;"/>
  </testcase>
  <testcase name="verifyUserIsAbleToNavigateToNextPageOnClickingNextOption" classname="com.obsqura.testscripts.InventoryTest" time="0">
    <skipped message="&#10;Parameter &apos;browser&apos; is required by BeforeMethod on method InitializeBrowser but has not been marked @Optional or defined&#10;"/>
  </testcase>
  <testcase name="verifyrowCountWithSameName" classname="com.obsqura.testscripts.InventoryTest" time="0">
    <skipped message="&#10;Parameter &apos;browser&apos; is required by BeforeMethod on method InitializeBrowser but has not been marked @Optional or defined&#10;"/>
  </testcase>
  <testcase name="verifyuserIsAbleToEditInventoryProduct" classname="com.obsqura.testscripts.InventoryTest" time="0">
    <skipped message="&#10;Parameter &apos;browser&apos; is required by BeforeMethod on method InitializeBrowser but has not been marked @Optional or defined&#10;"/>
  </testcase>
  <testcase name="InitializeBrowser" classname="com.obsqura.testscripts.LoginAccountTest" time="0.002">
    <failure message="&#10;Parameter &apos;browser&apos; is required by BeforeMethod on method InitializeBrowser but has not been marked @Optional or defined&#10;" type="org.testng.TestNGException">org.testng.TestNGException: 

Parameter 'browser' is required by BeforeMethod on method InitializeBrowser but has not been marked @Optional or defined

</failure>
  </testcase>
  <testcase name="InitializeBrowser" classname="com.obsqura.testscripts.LoginAccountTest" time="0.003">
    <failure message="&#10;Parameter &apos;browser&apos; is required by BeforeMethod on method InitializeBrowser but has not been marked @Optional or defined&#10;" type="org.testng.TestNGException">org.testng.TestNGException: 

Parameter 'browser' is required by BeforeMethod on method InitializeBrowser but has not been marked @Optional or defined

</failure>
  </testcase>
  <testcase name="InitializeBrowser" classname="com.obsqura.testscripts.LoginAccountTest" time="0.002">
    <failure message="&#10;Parameter &apos;browser&apos; is required by BeforeMethod on method InitializeBrowser but has not been marked @Optional or defined&#10;" type="org.testng.TestNGException">org.testng.TestNGException: 

Parameter 'browser' is required by BeforeMethod on method InitializeBrowser but has not been marked @Optional or defined

</failure>
  </testcase>
  <testcase name="InitializeBrowser" classname="com.obsqura.testscripts.LoginAccountTest" time="0.004">
    <failure message="&#10;Parameter &apos;browser&apos; is required by BeforeMethod on method InitializeBrowser but has not been marked @Optional or defined&#10;" type="org.testng.TestNGException">org.testng.TestNGException: 

Parameter 'browser' is required by BeforeMethod on method InitializeBrowser but has not been marked @Optional or defined

</failure>
  </testcase>
  <testcase name="InitializeBrowser" classname="com.obsqura.testscripts.LoginAccountTest" time="0.006">
    <failure message="&#10;Parameter &apos;browser&apos; is required by BeforeMethod on method InitializeBrowser but has not been marked @Optional or defined&#10;" type="org.testng.TestNGException">org.testng.TestNGException: 

Parameter 'browser' is required by BeforeMethod on method InitializeBrowser but has not been marked @Optional or defined

</failure>
  </testcase>
  <testcase name="InitializeBrowser" classname="com.obsqura.testscripts.LoginAccountTest" time="0.003">
    <failure message="&#10;Parameter &apos;browser&apos; is required by BeforeMethod on method InitializeBrowser but has not been marked @Optional or defined&#10;" type="org.testng.TestNGException">org.testng.TestNGException: 

Parameter 'browser' is required by BeforeMethod on method InitializeBrowser but has not been marked @Optional or defined

</failure>
  </testcase>
  <testcase name="verifyUserIsAbleToLogin" classname="com.obsqura.testscripts.LoginAccountTest" time="0">
    <skipped message="&#10;Parameter &apos;browser&apos; is required by BeforeMethod on method InitializeBrowser but has not been marked @Optional or defined&#10;"/>
  </testcase>
  <testcase name="browserQuit" classname="com.obsqura.testscripts.LoginAccountTest" time="0.001">
    <failure type="java.lang.NullPointerException">java.lang.NullPointerException
</failure>
  </testcase>
  <testcase name="browserQuit" classname="com.obsqura.testscripts.LoginAccountTest" time="0.001">
    <failure type="java.lang.NullPointerException">java.lang.NullPointerException
</failure>
  </testcase>
  <testcase name="browserQuit" classname="com.obsqura.testscripts.LoginAccountTest" time="0.002">
    <failure type="java.lang.NullPointerException">java.lang.NullPointerException
</failure>
  </testcase>
  <testcase name="browserQuit" classname="com.obsqura.testscripts.LoginAccountTest" time="0.003">
    <failure type="java.lang.NullPointerException">java.lang.NullPointerException
</failure>
  </testcase>
  <testcase name="browserQuit" classname="com.obsqura.testscripts.LoginAccountTest" time="0.002">
    <failure type="java.lang.NullPointerException">java.lang.NullPointerException
</failure>
  </testcase>
  <testcase name="browserQuit" classname="com.obsqura.testscripts.LoginAccountTest" time="0.002">
    <failure type="java.lang.NullPointerException">java.lang.NullPointerException
</failure>
  </testcase>
  <testcase name="verifyLoginWithWrongPassword" classname="com.obsqura.testscripts.LoginAccountTest" time="0">
    <skipped message="&#10;Parameter &apos;browser&apos; is required by BeforeMethod on method InitializeBrowser but has not been marked @Optional or defined&#10;"/>
  </testcase>
  <testcase name="verifyLoginWithWrongUsername" classname="com.obsqura.testscripts.LoginAccountTest" time="0">
    <skipped/>
  </testcase>
  <testcase name="verifyForgotPassword" classname="com.obsqura.testscripts.LoginAccountTest" time="0">
    <skipped/>
  </testcase>
  <testcase name="verifyBackToLogin" classname="com.obsqura.testscripts.LoginAccountTest" time="0">
    <skipped/>
  </testcase>
  <testcase name="verifyUserIsAbleToLogOut" classname="com.obsqura.testscripts.LoginAccountTest" time="0">
    <skipped/>
  </testcase>
  <testcase name="InitializeBrowser" classname="com.obsqura.testscripts.ReparationTest" time="0.004">
    <failure message="&#10;Parameter &apos;browser&apos; is required by BeforeMethod on method InitializeBrowser but has not been marked @Optional or defined&#10;" type="org.testng.TestNGException">org.testng.TestNGException: 

Parameter 'browser' is required by BeforeMethod on method InitializeBrowser but has not been marked @Optional or defined

</failure>
  </testcase>
  <testcase name="InitializeBrowser" classname="com.obsqura.testscripts.ReparationTest" time="0.002">
    <failure message="&#10;Parameter &apos;browser&apos; is required by BeforeMethod on method InitializeBrowser but has not been marked @Optional or defined&#10;" type="org.testng.TestNGException">org.testng.TestNGException: 

Parameter 'browser' is required by BeforeMethod on method InitializeBrowser but has not been marked @Optional or defined

</failure>
  </testcase>
  <testcase name="InitializeBrowser" classname="com.obsqura.testscripts.ReparationTest" time="0.004">
    <failure message="&#10;Parameter &apos;browser&apos; is required by BeforeMethod on method InitializeBrowser but has not been marked @Optional or defined&#10;" type="org.testng.TestNGException">org.testng.TestNGException: 

Parameter 'browser' is required by BeforeMethod on method InitializeBrowser but has not been marked @Optional or defined

</failure>
  </testcase>
  <testcase name="InitializeBrowser" classname="com.obsqura.testscripts.ReparationTest" time="0.003">
    <failure message="&#10;Parameter &apos;browser&apos; is required by BeforeMethod on method InitializeBrowser but has not been marked @Optional or defined&#10;" type="org.testng.TestNGException">org.testng.TestNGException: 

Parameter 'browser' is required by BeforeMethod on method InitializeBrowser but has not been marked @Optional or defined

</failure>
  </testcase>
  <testcase name="InitializeBrowser" classname="com.obsqura.testscripts.ReparationTest" time="0.002">
    <failure message="&#10;Parameter &apos;browser&apos; is required by BeforeMethod on method InitializeBrowser but has not been marked @Optional or defined&#10;" type="org.testng.TestNGException">org.testng.TestNGException: 

Parameter 'browser' is required by BeforeMethod on method InitializeBrowser but has not been marked @Optional or defined

</failure>
  </testcase>
  <testcase name="InitializeBrowser" classname="com.obsqura.testscripts.ReparationTest" time="0.003">
    <failure message="&#10;Parameter &apos;browser&apos; is required by BeforeMethod on method InitializeBrowser but has not been marked @Optional or defined&#10;" type="org.testng.TestNGException">org.testng.TestNGException: 

Parameter 'browser' is required by BeforeMethod on method InitializeBrowser but has not been marked @Optional or defined

</failure>
  </testcase>
  <testcase name="InitializeBrowser" classname="com.obsqura.testscripts.ReparationTest" time="0.002">
    <failure message="&#10;Parameter &apos;browser&apos; is required by BeforeMethod on method InitializeBrowser but has not been marked @Optional or defined&#10;" type="org.testng.TestNGException">org.testng.TestNGException: 

Parameter 'browser' is required by BeforeMethod on method InitializeBrowser but has not been marked @Optional or defined

</failure>
  </testcase>
  <testcase name="verifyCorrectNumberOfRowsAreShownOnSelectingShowButton" classname="com.obsqura.testscripts.ReparationTest" time="0">
    <skipped message="&#10;Parameter &apos;browser&apos; is required by BeforeMethod on method InitializeBrowser but has not been marked @Optional or defined&#10;"/>
  </testcase>
  <testcase name="browserQuit" classname="com.obsqura.testscripts.ReparationTest" time="0.001">
    <failure type="java.lang.NullPointerException">java.lang.NullPointerException
</failure>
  </testcase>
  <testcase name="browserQuit" classname="com.obsqura.testscripts.ReparationTest" time="0.001">
    <failure type="java.lang.NullPointerException">java.lang.NullPointerException
</failure>
  </testcase>
  <testcase name="browserQuit" classname="com.obsqura.testscripts.ReparationTest" time="0.001">
    <failure type="java.lang.NullPointerException">java.lang.NullPointerException
</failure>
  </testcase>
  <testcase name="browserQuit" classname="com.obsqura.testscripts.ReparationTest" time="0.001">
    <failure type="java.lang.NullPointerException">java.lang.NullPointerException
</failure>
  </testcase>
  <testcase name="browserQuit" classname="com.obsqura.testscripts.ReparationTest" time="0.001">
    <failure type="java.lang.NullPointerException">java.lang.NullPointerException
</failure>
  </testcase>
  <testcase name="browserQuit" classname="com.obsqura.testscripts.ReparationTest" time="0.001">
    <failure type="java.lang.NullPointerException">java.lang.NullPointerException
</failure>
  </testcase>
  <testcase name="browserQuit" classname="com.obsqura.testscripts.ReparationTest" time="0.001">
    <failure type="java.lang.NullPointerException">java.lang.NullPointerException
</failure>
  </testcase>
  <testcase name="verifyThatauserIsAbleTodownloadReparationExcelSheet" classname="com.obsqura.testscripts.ReparationTest" time="0">
    <skipped message="&#10;Parameter &apos;browser&apos; is required by BeforeMethod on method InitializeBrowser but has not been marked @Optional or defined&#10;"/>
  </testcase>
  <testcase name="verifycolumnVisibility" classname="com.obsqura.testscripts.ReparationTest" time="0">
    <skipped/>
  </testcase>
  <testcase name="verifyRowCountWithSameName" classname="com.obsqura.testscripts.ReparationTest" time="0">
    <skipped/>
  </testcase>
  <testcase name="verifyTotalCompletedRepairRows" classname="com.obsqura.testscripts.ReparationTest" time="0">
    <skipped/>
  </testcase>
  <testcase name="verifycolumnNumber" classname="com.obsqura.testscripts.ReparationTest" time="0">
    <skipped/>
  </testcase>
  <testcase name="rowNumberInShowButtonVerificationForPendingRepairs" classname="com.obsqura.testscripts.ReparationTest" time="0">
    <skipped/>
  </testcase>
</testsuite>